This file contains any messages produced by compilers while
running CMake, to aid debugging if configure makes a mistake.

It was created by hpp-fcl CMake configuration process 1.6.0, which was
generated by CMake 3.16.3.

## --------- ##
## Platform. ##
## --------- ##

hostname = jack-Raider-GE77HX-12UHS
system = Linux-5.15.0-97-generic
processor = x86_64
generator = Ninja

PATH /home/jack/.local/bin
PATH /opt/ros/noetic/share/euslisp/jskeus/eus//Linux64/bin
PATH /opt/ros/noetic/bin
PATH /opt/ros/noetic/share/euslisp/jskeus/eus//Linux64/bin
PATH /opt/ros/noetic/share/euslisp/jskeus/eus//Linux64/bin
PATH /opt/ros/noetic/share/euslisp/jskeus/eus//Linux64/bin
PATH /home/jack/.local/bin
PATH /usr/local/sbin
PATH /usr/local/bin
PATH /usr/sbin
PATH /usr/bin
PATH /sbin
PATH /bin
PATH /usr/games
PATH /usr/local/games
PATH /snap/bin

PKG_CONFIG_PATH /home/jack/hunter/devel/lib/pkgconfig
PKG_CONFIG_PATH /home/jack/catkin_ws/devel/lib/pkgconfig
PKG_CONFIG_PATH /opt/ros/noetic/lib/pkgconfig
PKG_CONFIG_PATH /opt/ros/noetic/lib/x86_64-linux-gnu/pkgconfig
PKG_CONFIG_PATH /home/jack/bipedv5/devel/lib/pkgconfig

## ---------------- ##
## CMake variables. ##
## ---------------- ##

CMAKE_ROOT = /usr/share/cmake-3.16
CMAKE_INCLUDE_PATH = 
CMAKE_LIBRARY_PATH = 
CMAKE_PREFIX_PATH = 
CMAKE_INSTALL_ALWAYS = 
CMAKE_SKIP_RPATH = NO
CMAKE_SUPPRESS_REGENERATION = 
BUILD_SHARED_LIBS = 

CMAKE_INSTALL_PREFIX = /usr/local
PROJECT_SOURCE_DIR = /home/jack/hunter/src/hpp-fcl
PROJECT_SOURCE_DIR = /home/jack/hunter/src/hpp-fcl
PROJECT_BINARY_DIR = /home/jack/hunter/src/build
CMAKE_BINARY_DIR = /home/jack/hunter/src/build

CMAKE_AR = /usr/bin/ar
CMAKE_RANLIB = /usr/bin/ranlib
CMAKE_BUILD_TYPE = Debug
CMAKE_CONFIGURATION_TYPES = 
CMAKE_SHARED_LINKER_FLAGS = 

CMAKE_C_COMPILER = 
CMAKE_C_FLAGS = 
CMAKE_C_FLAGS_DEBUG = 
CMAKE_C_FLAGS_RELEASE = 
CMAKE_CXX_COMPILER = /usr/bin/c++
CMAKE_CXX_FLAGS =  -pedantic -Wno-long-long -Wall -Wextra -Wcast-align -Wcast-qual -Wformat -Wwrite-strings -Wconversion 
CMAKE_CXX_FLAGS_DEBUG = -g
CMAKE_CXX_FLAGS_RELEASE = -O3 -DNDEBUG
CMAKE_CXX_FLAGS_RELWITHDEBINFO = -O2 -g -DNDEBUG

CMAKE_STATIC_LIBRARY_PREFIX = lib
CMAKE_STATIC_LIBRARY_SUFFIX = .a
CMAKE_SHARED_LIBRARY_PREFIX = lib
CMAKE_SHARED_LIBRARY_SUFFIX = .so
CMAKE_SHARED_MODULE_PREFIX = lib
CMAKE_SHARED_MODULE_SUFFIX = .so

## ------------------ ##
## Watched variables. ##
## ------------------ ##

WARNING_CXX_FLAGS =  -pedantic -Wno-long-long -Wall -Wextra -Wcast-align -Wcast-qual -Wformat -Wwrite-strings -Wconversion
_PKG_CONFIG_FOUND = undefined
PKG_CONFIG_EXECUTABLE = /usr/bin/pkg-config
_PKG_CONFIG_PREFIX = /usr/local
_PKG_CONFIG_EXEC_PREFIX = /usr/local
_PKG_CONFIG_LIBDIR = /usr/local/lib
_PKG_CONFIG_BINDIR = /usr/local/bin
_PKG_CONFIG_PKGLIBDIR = /usr/local/lib/hpp-fcl
_PKG_CONFIG_INCLUDEDIR = /usr/local/include
_PKG_CONFIG_DATAROOTDIR = /usr/local/share
_PKG_CONFIG_PKGDATAROOTDIR = /usr/local/share
_PKG_CONFIG_DOCDIR = /usr/local/share/doc/hpp-fcl
_PKG_CONFIG_DOXYGENDOCDIR = /usr/local/share/doc/hpp-fcl/doxygen-html
_PKG_CONFIG_PROJECT_NAME = hpp-fcl
_PKG_CONFIG_DESCRIPTION = HPP fork of FCL -- The Flexible Collision Library
_PKG_CONFIG_URL = https://github.com/humanoid-path-planner/hpp-fcl
_PKG_CONFIG_VERSION = 1.6.0
_PKG_CONFIG_REQUIRES = eigen3 >= 3.0.0;octomap >= 1.6
_PKG_CONFIG_REQUIRES_DEBUG = 
_PKG_CONFIG_REQUIRES_OPTIMIZED = 
_PKG_CONFIG_COMPILE_TIME_REQUIRES = 
_PKG_CONFIG_CONFLICTS = 
_PKG_CONFIG_LIBS =  -lhpp-fcl
_PKG_CONFIG_LIBS_DEBUG = -L${libdir}
_PKG_CONFIG_LIBS_OPTIMIZED = -L${libdir}
_PKG_CONFIG_LIBS_PRIVATE = 
_PKG_CONFIG_CFLAGS = -I${includedir} -DHPP_FCL_HAVE_OCTOMAP -DFCL_HAVE_OCTOMAP -DOCTOMAP_MAJOR_VERSION=1 -DOCTOMAP_MINOR_VERSION=9 -DOCTOMAP_PATCH_VERSION=8
_PKG_CONFIG_CFLAGS_DEBUG = 
_PKG_CONFIG_CFLAGS_OPTIMIZED = 
_PKG_CONFIG_FILENAME = hpp-fcl.pc
PKG_CONFIG_EXTRA = 
## ---------------- ##
## Watched targets. ##
## ---------------- ##

